[debug] [2025-07-06T09:01:15.614Z] ----------------------------------------------------------------------
[debug] [2025-07-06T09:01:15.619Z] Command:       C:\Program Files\nodejs\node.exe C:\Users\nour\AppData\Roaming\npm\node_modules\firebase-tools\lib\bin\firebase.js deploy
[debug] [2025-07-06T09:01:15.620Z] CLI Version:   14.9.0
[debug] [2025-07-06T09:01:15.620Z] Platform:      win32
[debug] [2025-07-06T09:01:15.620Z] Node Version:  v22.16.0
[debug] [2025-07-06T09:01:15.621Z] Time:          Sun Jul 06 2025 12:01:15 GMT+0300 (Eastern European Summer Time)
[debug] [2025-07-06T09:01:15.621Z] ----------------------------------------------------------------------
[debug] 
[debug] [2025-07-06T09:01:16.211Z] > command requires scopes: ["email","openid","https://www.googleapis.com/auth/cloudplatformprojects.readonly","https://www.googleapis.com/auth/firebase","https://www.googleapis.com/auth/cloud-platform"]
[debug] [2025-07-06T09:01:16.212Z] > authorizing via signed-in user (tamhx417@gmail.com)
[debug] [2025-07-06T09:01:16.213Z] [iam] checking project tahadev-site for permissions ["firebase.projects.get","firebasehosting.sites.update"]
[debug] [2025-07-06T09:01:16.215Z] Checked if tokens are valid: true, expires at: 1751793773098
[debug] [2025-07-06T09:01:16.216Z] Checked if tokens are valid: true, expires at: 1751793773098
[debug] [2025-07-06T09:01:16.218Z] >>> [apiv2][query] POST https://cloudresourcemanager.googleapis.com/v1/projects/tahadev-site:testIamPermissions [none]
[debug] [2025-07-06T09:01:16.218Z] >>> [apiv2][(partial)header] POST https://cloudresourcemanager.googleapis.com/v1/projects/tahadev-site:testIamPermissions x-goog-quota-user=projects/tahadev-site
[debug] [2025-07-06T09:01:16.218Z] >>> [apiv2][body] POST https://cloudresourcemanager.googleapis.com/v1/projects/tahadev-site:testIamPermissions {"permissions":["firebase.projects.get","firebasehosting.sites.update"]}
[debug] [2025-07-06T09:01:17.581Z] <<< [apiv2][status] POST https://cloudresourcemanager.googleapis.com/v1/projects/tahadev-site:testIamPermissions 200
[debug] [2025-07-06T09:01:17.581Z] <<< [apiv2][body] POST https://cloudresourcemanager.googleapis.com/v1/projects/tahadev-site:testIamPermissions {"permissions":["firebase.projects.get","firebasehosting.sites.update"]}
[debug] [2025-07-06T09:01:17.582Z] Checked if tokens are valid: true, expires at: 1751793773098
[debug] [2025-07-06T09:01:17.582Z] Checked if tokens are valid: true, expires at: 1751793773098
[debug] [2025-07-06T09:01:17.583Z] >>> [apiv2][query] GET https://firebase.googleapis.com/v1beta1/projects/tahadev-site [none]
[debug] [2025-07-06T09:01:18.189Z] <<< [apiv2][status] GET https://firebase.googleapis.com/v1beta1/projects/tahadev-site 200
[debug] [2025-07-06T09:01:18.189Z] <<< [apiv2][body] GET https://firebase.googleapis.com/v1beta1/projects/tahadev-site {"projectId":"tahadev-site","projectNumber":"1058895209195","displayName":"tahadev-site","name":"projects/tahadev-site","resources":{"hostingSite":"tahadev-site"},"state":"ACTIVE","etag":"1_5e6a297e-34ee-4941-9447-017701d40e4b"}
[info] 
[info] === Deploying to 'tahadev-site'...
[info] 
[info] i  deploying hosting 
[debug] [2025-07-06T09:01:18.198Z] Checked if tokens are valid: true, expires at: 1751793773098
[debug] [2025-07-06T09:01:18.198Z] Checked if tokens are valid: true, expires at: 1751793773098
[debug] [2025-07-06T09:01:18.199Z] >>> [apiv2][query] POST https://firebasehosting.googleapis.com/v1beta1/projects/-/sites/tahadev-site/versions [none]
[debug] [2025-07-06T09:01:18.199Z] >>> [apiv2][body] POST https://firebasehosting.googleapis.com/v1beta1/projects/-/sites/tahadev-site/versions {"status":"CREATED","labels":{"deployment-tool":"cli-firebase"}}
[debug] [2025-07-06T09:01:20.777Z] <<< [apiv2][status] POST https://firebasehosting.googleapis.com/v1beta1/projects/-/sites/tahadev-site/versions 200
[debug] [2025-07-06T09:01:20.777Z] <<< [apiv2][body] POST https://firebasehosting.googleapis.com/v1beta1/projects/-/sites/tahadev-site/versions {"name":"projects/1058895209195/sites/tahadev-site/versions/c631f157e525507c","status":"CREATED","config":{},"labels":{"deployment-tool":"cli-firebase"}}
[info] i  hosting[tahadev-site]: beginning deploy... 
[info] i  hosting[tahadev-site]: found 54 files in dist/portfolio/browser 
[debug] [2025-07-06T09:01:20.838Z] [hosting] uploading with 200 concurrency
[debug] [2025-07-06T09:01:21.523Z] Checked if tokens are valid: true, expires at: 1751793773098
[debug] [2025-07-06T09:01:21.523Z] Checked if tokens are valid: true, expires at: 1751793773098
[debug] [2025-07-06T09:01:21.524Z] [hosting] hash cache [ZGlzdFxwb3J0Zm9saW9cYnJvd3Nlcg] stored for 54 files
[debug] [2025-07-06T09:01:21.524Z] [hosting][hash queue][FINAL] {"max":678,"min":0,"avg":62.20675254604408,"active":0,"complete":54,"success":54,"errored":0,"retried":0,"total":54,"elapsed":684}
[debug] [2025-07-06T09:01:21.525Z] >>> [apiv2][query] POST https://firebasehosting.googleapis.com/v1beta1/projects/1058895209195/sites/tahadev-site/versions/c631f157e525507c:populateFiles [none]
[debug] [2025-07-06T09:01:21.525Z] >>> [apiv2][body] POST https://firebasehosting.googleapis.com/v1beta1/projects/1058895209195/sites/tahadev-site/versions/c631f157e525507c:populateFiles {"files":{"/favicon.ico":"a905b13e228420df3dbe746dfb656d37a49736494c0737d00e007c8dc7319912","/assets/scss/configurations/_var.scss":"b5cc0b0bc7a034dfe10588980ddd6b5f8d6d0ace263fd406472b15e9386cc77f","/assets/scss/configurations/_reboot.scss":"0585770090c3a8314523772354240aec245d0d70bdb5bccf37deb50617d4cc2e","/assets/scss/configurations/_mixins.scss":"b345d21a843cb453aa7b5a74978882bbc36fe66b6dbc5583446db581a2469d25","/assets/scss/configurations/_fonts.scss":"b9191bef86d487e2a6553ff7595b18048bab0a160120713b75fff98848b41104","/assets/scss/configurations/_custom.scss":"cab4c059b049eb9f2c5ff81ae67834bab29e050079bce68f97e20781ade8e223","/assets/scss/configurations/_config.scss":"c0e424388c253090058cac1c056300c2a865e71ac274af8422ffeec5f5bedf3d","/assets/scss/components/_component.scss":"46b50c321b39e89a491b6727a01628c34245605a30beb3e7414c5e01cff90e6e","/assets/images/webpack.png":"a7f85d0bba6216e04855d480bb8bdb9b60dcdbf7eae4939e18da49728f5bfb84","/assets/images/vscode.png":"85bb73e118081f6d4eca3b1fa3543b36a6174047b11e3ff598fee1faaf623551","/assets/images/user.svg":"7c5ed3d358eaf6d436f6606c8178817a373c9fb6e158f7489ac27d5c76564a77","/assets/images/tss.png":"954181dc21e58564eb6a1daa3d7e61801d61060eaf3f1df5d260f79fc8a64c12","/assets/images/ts.png":"c421f7a37266c769433839d23694a30dd7221bbd57791e11c8e0a9e3b7d1e2f7","/assets/images/tomato.jpg":"730bdd1aeb1d9cc18ba01109d980e4155e4fc57299bf12723b4227c5c74b9df2","/assets/images/sass.png":"9c4faf9790393c84c0c942a6d8438b0ea2e231fc9eb639ffa0109889b33b27a1","/assets/images/react.png":"f8846494ba4ff910766f335460ea14388af54767a388ea39068d8f41b5911278","/assets/images/projects.svg":"acbc3179053be62bf0bebefcb741cbdde42430dea024163e510a3919741242c3","/assets/images/project.svg":"7f45e12040912057f5144feabdfb19089603bf24fa84ab149e1d7d12f8c9ced6","/assets/images/pharma.jpg":"64ed21e99ab49e66913b9b6dde5ab0146d515dad32a125a4adc2f6487765b63f","/assets/images/ngxs.png":"b2a78764fcd00d413011a53441db1a219623a11b50ef5647bf26348a43f3603b","/assets/images/movies.jpg":"9fc4999ecae6a5cc67413c4f2229996ebd300bef8fadd0df37f87c2734ab3e90","/assets/images/me.jpeg":"ac97fc9d4aeffb7a2b222e789a4b8c6e8878598f9e1f0ad45c717db129f7ba06","/assets/images/logo.png":"a5628b68e858378576eaeeb196745c99167de23338208cae4943d5083003cd30","/assets/images/learnnig.jpg":"71293b0f2447b45246d961b0d99feafd95cf3be4bebb2d4f2db8b49af70d07d7","/assets/images/js.jpg":"881b0efe5a655dff5335c86ef103fce7d94f10f8a6c29607a88d10ba3ec3869c","/assets/images/html.png":"89b3290f5514b993a9ef0c88bfe04a34f6f419ac593a4e2a044bc54589c6e9fa","/assets/images/home.svg":"584fabf8169f052720827407cc8834c2040f552391f9d1ba34537076d20af153","/assets/images/gym.jpg":"61eb3ca33cb9e44ff4cbef2d9fa5e520888dd75c1f2d7fb0f92c77e81767c1a0","/assets/images/Furniture.jpg":"bb6fc955023bc7dd53f732d3a1adaab7eca8ecd1bdc75631cdd2b72421e3284c","/assets/images/css.png":"b0b90be79812967e2dabd55f6cddbf84e6752915d1381b7c9b49ce9e4bc8d2ae","/assets/images/contactus.svg":"7ca6791c702c6b8debd339d6b542396948793761e1b21cde37d88b6827f078c1","/assets/images/contact.svg":"79a5fad9c839c9f11f45eb0aeb05ccc86876c06e615955ae59b4cf0bb7af460f","/assets/images/bootstrap.png":"2de2fc0496ec7d1ae01be35528bdccb8e90b1c99227b820c3bd544c8c0647b49","/assets/images/angular.png":"c444e0db8be7b3ce9d51f23598e6181322bbb6c6674ca99989bca267c5b956b9","/assets/images/a1.jpeg":"09bc9b37875009712b73b164a482f0feedfcc08f6e786337914f8b6f16761c40","/assets/i18n/en.json":"81de9184fd807d9a694fbf7115b96f7f5969e4931e6d7f10a3fb51d98de1be32","/assets/i18n/ar.json":"19df0e673f3ece1e0d74baea56c52cf0e5edc8ee11d1d6adedf77e86481a5873","/polyfills-FFHMD2TL.js":"736494ba509ebe13a13ff57f0d4921ecfd9eb2ac4e8efe5d5fc1704b4b1d9b35","/index.html":"f2030e52e685c26adf6e6b457f441ab81a66d346b2f2a74a2da15a6d5ee01249","/chunk-RSETS4JM.js":"03227dc0773d8d5f736bf3e924ad82ddb14f150d17fb29a7b166484768eb94cd","/chunk-P3U2DRLT.js":"e2044e2aa40a9c29466ededfe2c42ef6002b67113e6c630c61051652084730f2","/styles-BPQK6TKM.css":"adcf8daaf52c1101c31b5873e66b578ec84aef9cfcd88ef7796cfeedb53ac929","/main-4MNJXDSA.js":"a276c1055817603595fc00da3369c9a286af987ce53d0bd0f70d68ccd672e4f5","/media/fa-brands-400-Q3XCMWHQ.woff2":"51b9ba1d4de2cb85404032f54c4f7e37ccffd295e44f6be466b917d5d38d1718","/media/fa-solid-900-5ZUYHGA7.woff2":"00983ab41cc7df376e10d6dbfb85d27da9683fdb37a3da980fce897f2f243277","/media/fa-brands-400-R2XQZCET.ttf":"72610b87557af3dfbbdccd9c30a9f7f2b61fdfff8a356c8ea19e1b55f30b30a4","/media/fa-solid-900-PJNKLK6W.ttf":"e748f5f0a5c5fc3308ca863803bf9606f6ce2585b332587cb40801ff73ec800a","/assets/images/Furniture.gif":"fc3c2443d9125b7a441a1d53cfbb9e3fb74d9613fb20b6c0eec19905a87615fe","/assets/images/pharma.gif":"963bef6d1e93360ba22578ef01d4e8a5de44aced7a10cc5b9ea4b4e466b8bc9f","/assets/images/learning.gif":"9fb9162f5987314da0fcfa0e879fe4f2113fd4e75e8e7ec898d940cf559056b4","/assets/images/movie.gif":"77b6949cd54e6540e2b4b0b1c62840ddb66002b630ad89c507c2124f6228b18f","/assets/images/gym.mp4":"60a7ed541bf281e34e3abfa25e3c39b33ad58346938073c5f26ea7ef7e6fd327","/assets/images/tomato.gif":"4fc2232d8b689c167e04afb4f8bdb7912a1b948673344aaee06460293f63105b","/assets/images/gym.gif":"8555a2862cbcce49a6a36eb5b295c16160a24694da069a8f0225ec40bf2355de"}}
[debug] [2025-07-06T09:01:22.047Z] <<< [apiv2][status] POST https://firebasehosting.googleapis.com/v1beta1/projects/1058895209195/sites/tahadev-site/versions/c631f157e525507c:populateFiles 200
[debug] [2025-07-06T09:01:22.047Z] <<< [apiv2][body] POST https://firebasehosting.googleapis.com/v1beta1/projects/1058895209195/sites/tahadev-site/versions/c631f157e525507c:populateFiles {"uploadRequiredHashes":["a276c1055817603595fc00da3369c9a286af987ce53d0bd0f70d68ccd672e4f5","03227dc0773d8d5f736bf3e924ad82ddb14f150d17fb29a7b166484768eb94cd","4fc2232d8b689c167e04afb4f8bdb7912a1b948673344aaee06460293f63105b","8555a2862cbcce49a6a36eb5b295c16160a24694da069a8f0225ec40bf2355de","fc3c2443d9125b7a441a1d53cfbb9e3fb74d9613fb20b6c0eec19905a87615fe","e2044e2aa40a9c29466ededfe2c42ef6002b67113e6c630c61051652084730f2","9fb9162f5987314da0fcfa0e879fe4f2113fd4e75e8e7ec898d940cf559056b4","77b6949cd54e6540e2b4b0b1c62840ddb66002b630ad89c507c2124f6228b18f","f2030e52e685c26adf6e6b457f441ab81a66d346b2f2a74a2da15a6d5ee01249","963bef6d1e93360ba22578ef01d4e8a5de44aced7a10cc5b9ea4b4e466b8bc9f","60a7ed541bf281e34e3abfa25e3c39b33ad58346938073c5f26ea7ef7e6fd327"],"uploadUrl":"https://upload-firebasehosting.googleapis.com/upload/sites/tahadev-site/versions/c631f157e525507c/files"}
[debug] [2025-07-06T09:01:22.050Z] Checked if tokens are valid: true, expires at: 1751793773098
[debug] [2025-07-06T09:01:22.051Z] Checked if tokens are valid: true, expires at: 1751793773098
[debug] [2025-07-06T09:01:22.053Z] Checked if tokens are valid: true, expires at: 1751793773098
[debug] [2025-07-06T09:01:22.053Z] Checked if tokens are valid: true, expires at: 1751793773098
[debug] [2025-07-06T09:01:22.054Z] Checked if tokens are valid: true, expires at: 1751793773098
[debug] [2025-07-06T09:01:22.055Z] Checked if tokens are valid: true, expires at: 1751793773098
[debug] [2025-07-06T09:01:22.056Z] Checked if tokens are valid: true, expires at: 1751793773098
[debug] [2025-07-06T09:01:22.056Z] Checked if tokens are valid: true, expires at: 1751793773098
[debug] [2025-07-06T09:01:22.057Z] Checked if tokens are valid: true, expires at: 1751793773098
[debug] [2025-07-06T09:01:22.057Z] Checked if tokens are valid: true, expires at: 1751793773098
[debug] [2025-07-06T09:01:22.058Z] Checked if tokens are valid: true, expires at: 1751793773098
[debug] [2025-07-06T09:01:22.059Z] Checked if tokens are valid: true, expires at: 1751793773098
[debug] [2025-07-06T09:01:22.060Z] Checked if tokens are valid: true, expires at: 1751793773098
[debug] [2025-07-06T09:01:22.060Z] Checked if tokens are valid: true, expires at: 1751793773098
[debug] [2025-07-06T09:01:22.061Z] Checked if tokens are valid: true, expires at: 1751793773098
[debug] [2025-07-06T09:01:22.061Z] Checked if tokens are valid: true, expires at: 1751793773098
[debug] [2025-07-06T09:01:22.062Z] Checked if tokens are valid: true, expires at: 1751793773098
[debug] [2025-07-06T09:01:22.063Z] Checked if tokens are valid: true, expires at: 1751793773098
[debug] [2025-07-06T09:01:22.063Z] Checked if tokens are valid: true, expires at: 1751793773098
[debug] [2025-07-06T09:01:22.064Z] Checked if tokens are valid: true, expires at: 1751793773098
[debug] [2025-07-06T09:01:22.064Z] Checked if tokens are valid: true, expires at: 1751793773098
[debug] [2025-07-06T09:01:22.065Z] Checked if tokens are valid: true, expires at: 1751793773098
[debug] [2025-07-06T09:01:22.066Z] >>> [apiv2][query] POST https://upload-firebasehosting.googleapis.com/upload/sites/tahadev-site/versions/c631f157e525507c/files/a276c1055817603595fc00da3369c9a286af987ce53d0bd0f70d68ccd672e4f5 [none]
[debug] [2025-07-06T09:01:22.066Z] >>> [apiv2][body] POST https://upload-firebasehosting.googleapis.com/upload/sites/tahadev-site/versions/c631f157e525507c/files/a276c1055817603595fc00da3369c9a286af987ce53d0bd0f70d68ccd672e4f5 [stream]
[debug] [2025-07-06T09:01:22.076Z] >>> [apiv2][query] POST https://upload-firebasehosting.googleapis.com/upload/sites/tahadev-site/versions/c631f157e525507c/files/03227dc0773d8d5f736bf3e924ad82ddb14f150d17fb29a7b166484768eb94cd [none]
[debug] [2025-07-06T09:01:22.077Z] >>> [apiv2][body] POST https://upload-firebasehosting.googleapis.com/upload/sites/tahadev-site/versions/c631f157e525507c/files/03227dc0773d8d5f736bf3e924ad82ddb14f150d17fb29a7b166484768eb94cd [stream]
[debug] [2025-07-06T09:01:22.088Z] >>> [apiv2][query] POST https://upload-firebasehosting.googleapis.com/upload/sites/tahadev-site/versions/c631f157e525507c/files/4fc2232d8b689c167e04afb4f8bdb7912a1b948673344aaee06460293f63105b [none]
[debug] [2025-07-06T09:01:22.088Z] >>> [apiv2][body] POST https://upload-firebasehosting.googleapis.com/upload/sites/tahadev-site/versions/c631f157e525507c/files/4fc2232d8b689c167e04afb4f8bdb7912a1b948673344aaee06460293f63105b [stream]
[debug] [2025-07-06T09:01:22.090Z] >>> [apiv2][query] POST https://upload-firebasehosting.googleapis.com/upload/sites/tahadev-site/versions/c631f157e525507c/files/8555a2862cbcce49a6a36eb5b295c16160a24694da069a8f0225ec40bf2355de [none]
[debug] [2025-07-06T09:01:22.091Z] >>> [apiv2][body] POST https://upload-firebasehosting.googleapis.com/upload/sites/tahadev-site/versions/c631f157e525507c/files/8555a2862cbcce49a6a36eb5b295c16160a24694da069a8f0225ec40bf2355de [stream]
[debug] [2025-07-06T09:01:22.094Z] >>> [apiv2][query] POST https://upload-firebasehosting.googleapis.com/upload/sites/tahadev-site/versions/c631f157e525507c/files/fc3c2443d9125b7a441a1d53cfbb9e3fb74d9613fb20b6c0eec19905a87615fe [none]
[debug] [2025-07-06T09:01:22.095Z] >>> [apiv2][body] POST https://upload-firebasehosting.googleapis.com/upload/sites/tahadev-site/versions/c631f157e525507c/files/fc3c2443d9125b7a441a1d53cfbb9e3fb74d9613fb20b6c0eec19905a87615fe [stream]
[debug] [2025-07-06T09:01:22.102Z] >>> [apiv2][query] POST https://upload-firebasehosting.googleapis.com/upload/sites/tahadev-site/versions/c631f157e525507c/files/e2044e2aa40a9c29466ededfe2c42ef6002b67113e6c630c61051652084730f2 [none]
[debug] [2025-07-06T09:01:22.102Z] >>> [apiv2][body] POST https://upload-firebasehosting.googleapis.com/upload/sites/tahadev-site/versions/c631f157e525507c/files/e2044e2aa40a9c29466ededfe2c42ef6002b67113e6c630c61051652084730f2 [stream]
[debug] [2025-07-06T09:01:22.104Z] >>> [apiv2][query] POST https://upload-firebasehosting.googleapis.com/upload/sites/tahadev-site/versions/c631f157e525507c/files/9fb9162f5987314da0fcfa0e879fe4f2113fd4e75e8e7ec898d940cf559056b4 [none]
[debug] [2025-07-06T09:01:22.104Z] >>> [apiv2][body] POST https://upload-firebasehosting.googleapis.com/upload/sites/tahadev-site/versions/c631f157e525507c/files/9fb9162f5987314da0fcfa0e879fe4f2113fd4e75e8e7ec898d940cf559056b4 [stream]
[debug] [2025-07-06T09:01:22.106Z] >>> [apiv2][query] POST https://upload-firebasehosting.googleapis.com/upload/sites/tahadev-site/versions/c631f157e525507c/files/77b6949cd54e6540e2b4b0b1c62840ddb66002b630ad89c507c2124f6228b18f [none]
[debug] [2025-07-06T09:01:22.106Z] >>> [apiv2][body] POST https://upload-firebasehosting.googleapis.com/upload/sites/tahadev-site/versions/c631f157e525507c/files/77b6949cd54e6540e2b4b0b1c62840ddb66002b630ad89c507c2124f6228b18f [stream]
[debug] [2025-07-06T09:01:22.107Z] >>> [apiv2][query] POST https://upload-firebasehosting.googleapis.com/upload/sites/tahadev-site/versions/c631f157e525507c/files/f2030e52e685c26adf6e6b457f441ab81a66d346b2f2a74a2da15a6d5ee01249 [none]
[debug] [2025-07-06T09:01:22.107Z] >>> [apiv2][body] POST https://upload-firebasehosting.googleapis.com/upload/sites/tahadev-site/versions/c631f157e525507c/files/f2030e52e685c26adf6e6b457f441ab81a66d346b2f2a74a2da15a6d5ee01249 [stream]
[debug] [2025-07-06T09:01:22.108Z] >>> [apiv2][query] POST https://upload-firebasehosting.googleapis.com/upload/sites/tahadev-site/versions/c631f157e525507c/files/963bef6d1e93360ba22578ef01d4e8a5de44aced7a10cc5b9ea4b4e466b8bc9f [none]
[debug] [2025-07-06T09:01:22.108Z] >>> [apiv2][body] POST https://upload-firebasehosting.googleapis.com/upload/sites/tahadev-site/versions/c631f157e525507c/files/963bef6d1e93360ba22578ef01d4e8a5de44aced7a10cc5b9ea4b4e466b8bc9f [stream]
[debug] [2025-07-06T09:01:22.109Z] >>> [apiv2][query] POST https://upload-firebasehosting.googleapis.com/upload/sites/tahadev-site/versions/c631f157e525507c/files/60a7ed541bf281e34e3abfa25e3c39b33ad58346938073c5f26ea7ef7e6fd327 [none]
[debug] [2025-07-06T09:01:22.109Z] >>> [apiv2][body] POST https://upload-firebasehosting.googleapis.com/upload/sites/tahadev-site/versions/c631f157e525507c/files/60a7ed541bf281e34e3abfa25e3c39b33ad58346938073c5f26ea7ef7e6fd327 [stream]
[debug] [2025-07-06T09:01:22.110Z] [hosting][populate queue][FINAL] {"max":542,"min":542,"avg":542,"active":0,"complete":1,"success":1,"errored":0,"retried":0,"total":1,"elapsed":587}
[debug] [2025-07-06T09:01:22.111Z] [hosting] uploads queued: 11
[debug] [2025-07-06T09:01:23.855Z] <<< [apiv2][status] POST https://upload-firebasehosting.googleapis.com/upload/sites/tahadev-site/versions/c631f157e525507c/files/f2030e52e685c26adf6e6b457f441ab81a66d346b2f2a74a2da15a6d5ee01249 200
[debug] [2025-07-06T09:01:23.855Z] <<< [apiv2][body] POST https://upload-firebasehosting.googleapis.com/upload/sites/tahadev-site/versions/c631f157e525507c/files/f2030e52e685c26adf6e6b457f441ab81a66d346b2f2a74a2da15a6d5ee01249 [stream]
[debug] [2025-07-06T09:01:26.438Z] <<< [apiv2][status] POST https://upload-firebasehosting.googleapis.com/upload/sites/tahadev-site/versions/c631f157e525507c/files/03227dc0773d8d5f736bf3e924ad82ddb14f150d17fb29a7b166484768eb94cd 200
[debug] [2025-07-06T09:01:26.438Z] <<< [apiv2][body] POST https://upload-firebasehosting.googleapis.com/upload/sites/tahadev-site/versions/c631f157e525507c/files/03227dc0773d8d5f736bf3e924ad82ddb14f150d17fb29a7b166484768eb94cd [stream]
[debug] [2025-07-06T09:01:26.870Z] <<< [apiv2][status] POST https://upload-firebasehosting.googleapis.com/upload/sites/tahadev-site/versions/c631f157e525507c/files/a276c1055817603595fc00da3369c9a286af987ce53d0bd0f70d68ccd672e4f5 200
[debug] [2025-07-06T09:01:26.870Z] <<< [apiv2][body] POST https://upload-firebasehosting.googleapis.com/upload/sites/tahadev-site/versions/c631f157e525507c/files/a276c1055817603595fc00da3369c9a286af987ce53d0bd0f70d68ccd672e4f5 [stream]
[debug] [2025-07-06T09:01:27.040Z] <<< [apiv2][status] POST https://upload-firebasehosting.googleapis.com/upload/sites/tahadev-site/versions/c631f157e525507c/files/e2044e2aa40a9c29466ededfe2c42ef6002b67113e6c630c61051652084730f2 200
[debug] [2025-07-06T09:01:27.040Z] <<< [apiv2][body] POST https://upload-firebasehosting.googleapis.com/upload/sites/tahadev-site/versions/c631f157e525507c/files/e2044e2aa40a9c29466ededfe2c42ef6002b67113e6c630c61051652084730f2 [stream]
[debug] [2025-07-06T09:01:30.216Z] <<< [apiv2][status] POST https://upload-firebasehosting.googleapis.com/upload/sites/tahadev-site/versions/c631f157e525507c/files/fc3c2443d9125b7a441a1d53cfbb9e3fb74d9613fb20b6c0eec19905a87615fe 200
[debug] [2025-07-06T09:01:30.217Z] <<< [apiv2][body] POST https://upload-firebasehosting.googleapis.com/upload/sites/tahadev-site/versions/c631f157e525507c/files/fc3c2443d9125b7a441a1d53cfbb9e3fb74d9613fb20b6c0eec19905a87615fe [stream]
[debug] [2025-07-06T09:01:34.206Z] <<< [apiv2][status] POST https://upload-firebasehosting.googleapis.com/upload/sites/tahadev-site/versions/c631f157e525507c/files/963bef6d1e93360ba22578ef01d4e8a5de44aced7a10cc5b9ea4b4e466b8bc9f 200
[debug] [2025-07-06T09:01:34.207Z] <<< [apiv2][body] POST https://upload-firebasehosting.googleapis.com/upload/sites/tahadev-site/versions/c631f157e525507c/files/963bef6d1e93360ba22578ef01d4e8a5de44aced7a10cc5b9ea4b4e466b8bc9f [stream]
[debug] [2025-07-06T09:01:37.044Z] <<< [apiv2][status] POST https://upload-firebasehosting.googleapis.com/upload/sites/tahadev-site/versions/c631f157e525507c/files/9fb9162f5987314da0fcfa0e879fe4f2113fd4e75e8e7ec898d940cf559056b4 200
[debug] [2025-07-06T09:01:37.044Z] <<< [apiv2][body] POST https://upload-firebasehosting.googleapis.com/upload/sites/tahadev-site/versions/c631f157e525507c/files/9fb9162f5987314da0fcfa0e879fe4f2113fd4e75e8e7ec898d940cf559056b4 [stream]
[debug] [2025-07-06T09:01:38.794Z] <<< [apiv2][status] POST https://upload-firebasehosting.googleapis.com/upload/sites/tahadev-site/versions/c631f157e525507c/files/77b6949cd54e6540e2b4b0b1c62840ddb66002b630ad89c507c2124f6228b18f 200
[debug] [2025-07-06T09:01:38.795Z] <<< [apiv2][body] POST https://upload-firebasehosting.googleapis.com/upload/sites/tahadev-site/versions/c631f157e525507c/files/77b6949cd54e6540e2b4b0b1c62840ddb66002b630ad89c507c2124f6228b18f [stream]
[debug] [2025-07-06T09:01:39.233Z] <<< [apiv2][status] POST https://upload-firebasehosting.googleapis.com/upload/sites/tahadev-site/versions/c631f157e525507c/files/4fc2232d8b689c167e04afb4f8bdb7912a1b948673344aaee06460293f63105b 200
[debug] [2025-07-06T09:01:39.233Z] <<< [apiv2][body] POST https://upload-firebasehosting.googleapis.com/upload/sites/tahadev-site/versions/c631f157e525507c/files/4fc2232d8b689c167e04afb4f8bdb7912a1b948673344aaee06460293f63105b [stream]
[debug] [2025-07-06T09:01:42.635Z] <<< [apiv2][status] POST https://upload-firebasehosting.googleapis.com/upload/sites/tahadev-site/versions/c631f157e525507c/files/60a7ed541bf281e34e3abfa25e3c39b33ad58346938073c5f26ea7ef7e6fd327 200
[debug] [2025-07-06T09:01:42.635Z] <<< [apiv2][body] POST https://upload-firebasehosting.googleapis.com/upload/sites/tahadev-site/versions/c631f157e525507c/files/60a7ed541bf281e34e3abfa25e3c39b33ad58346938073c5f26ea7ef7e6fd327 [stream]
